0 info it worked if it ends with ok
1 verbose cli [ 'C:\\Program Files (x86)\\nodejs\\node.exe',
1 verbose cli   'C:\\Program Files (x86)\\nodejs\\node_modules\\npm\\bin\\npm-cli.js',
1 verbose cli   'run',
1 verbose cli   'tsc',
1 verbose cli   '-w' ]
2 info using npm@2.15.9
3 info using node@v4.6.0
4 verbose run-script [ 'pretsc', 'tsc', 'posttsc' ]
5 info pretsc meantodos@1.0.0
6 info tsc meantodos@1.0.0
7 verbose unsafe-perm in lifecycle true
8 info meantodos@1.0.0 Failed to exec tsc script
9 verbose stack Error: meantodos@1.0.0 tsc: `tsc`
9 verbose stack Exit status 2
9 verbose stack     at EventEmitter.<anonymous> (C:\Program Files (x86)\nodejs\node_modules\npm\lib\utils\lifecycle.js:217:16)
9 verbose stack     at emitTwo (events.js:87:13)
9 verbose stack     at EventEmitter.emit (events.js:172:7)
9 verbose stack     at ChildProcess.<anonymous> (C:\Program Files (x86)\nodejs\node_modules\npm\lib\utils\spawn.js:24:14)
9 verbose stack     at emitTwo (events.js:87:13)
9 verbose stack     at ChildProcess.emit (events.js:172:7)
9 verbose stack     at maybeClose (internal/child_process.js:829:16)
9 verbose stack     at Process.ChildProcess._handle.onexit (internal/child_process.js:211:5)
10 verbose pkgid meantodos@1.0.0
11 verbose cwd D:\Game Arena\client\app
12 error Windows_NT 6.1.7600
13 error argv "C:\\Program Files (x86)\\nodejs\\node.exe" "C:\\Program Files (x86)\\nodejs\\node_modules\\npm\\bin\\npm-cli.js" "run" "tsc" "-w"
14 error node v4.6.0
15 error npm  v2.15.9
16 error code ELIFECYCLE
17 error meantodos@1.0.0 tsc: `tsc`
17 error Exit status 2
18 error Failed at the meantodos@1.0.0 tsc script 'tsc'.
18 error This is most likely a problem with the meantodos package,
18 error not with npm itself.
18 error Tell the author that this fails on your system:
18 error     tsc
18 error You can get information on how to open an issue for this project with:
18 error     npm bugs meantodos
18 error Or if that isn't available, you can get their info via:
18 error
18 error     npm owner ls meantodos
18 error There is likely additional logging output above.
19 verbose exit [ 1, true ]
